<?xml version="1.0" encoding="UTF-8"?>
<!-- Generated by org.testng.reporters.JUnitReportReporter -->
<testsuite hostname="DESKTOP-Q1R5N4I" failures="0" tests="1" name="SumValidation" time="1.504" errors="0" timestamp="01 May 2021 15:30:30 GMT" skipped="0">
  <testcase classname="SumValidation" name="sumOfCourses" time="1.504"/>
</testsuite> <!-- SumValidation -->
