<?xml version="1.0" encoding="UTF-8"?>
<!-- Generated by org.testng.reporters.JUnitReportReporter -->
<testsuite hostname="DESKTOP-Q1R5N4I" failures="0" tests="6" name="files.DynamicJson" time="4.850" errors="0" timestamp="03 May 2021 12:11:48 GMT" skipped="0">
  <testcase classname="files.DynamicJson" name="addBook" time="2.621"/>
  <testcase classname="files.DynamicJson" name="deleteBook" time="0.441"/>
  <testcase classname="files.DynamicJson" name="deleteBook" time="0.409"/>
  <testcase classname="files.DynamicJson" name="deleteBook" time="0.427"/>
  <testcase classname="files.DynamicJson" name="addBook" time="0.464"/>
  <testcase classname="files.DynamicJson" name="addBook" time="0.488"/>
</testsuite> <!-- files.DynamicJson -->
